2023-09-01 21:01:47,186 INFO    StreamThr :46931 [internal.py:wandb_internal():86] W&B internal server running at pid: 46931, started at: 2023-09-01 21:01:47.185130
2023-09-01 21:01:47,187 DEBUG   HandlerThread:46931 [handler.py:handle_request():144] handle_request: status
2023-09-01 21:01:47,197 INFO    WriterThread:46931 [datastore.py:open_for_write():85] open: /Users/fatmaoztel/Desktop/Fatima Projects/CTR-prediction/CTR-prediction/wandb/run-20230901_210147-ix30lhxu/run-ix30lhxu.wandb
2023-09-01 21:01:47,197 DEBUG   SenderThread:46931 [sender.py:send():379] send: header
2023-09-01 21:01:47,216 DEBUG   SenderThread:46931 [sender.py:send():379] send: run
2023-09-01 21:01:52,229 DEBUG   HandlerThread:46931 [handler.py:handle_request():144] handle_request: keepalive
2023-09-01 21:01:57,245 DEBUG   HandlerThread:46931 [handler.py:handle_request():144] handle_request: keepalive
2023-09-01 21:02:02,259 DEBUG   HandlerThread:46931 [handler.py:handle_request():144] handle_request: keepalive
2023-09-01 21:02:07,271 DEBUG   HandlerThread:46931 [handler.py:handle_request():144] handle_request: keepalive
2023-09-01 21:02:12,290 DEBUG   HandlerThread:46931 [handler.py:handle_request():144] handle_request: keepalive
2023-09-01 21:02:17,313 DEBUG   HandlerThread:46931 [handler.py:handle_request():144] handle_request: keepalive
2023-09-01 21:02:22,327 DEBUG   HandlerThread:46931 [handler.py:handle_request():144] handle_request: keepalive
2023-09-01 21:02:23,946 INFO    SenderThread:46931 [dir_watcher.py:__init__():211] watching files in: /Users/fatmaoztel/Desktop/Fatima Projects/CTR-prediction/CTR-prediction/wandb/run-20230901_210147-ix30lhxu/files
2023-09-01 21:02:23,946 INFO    SenderThread:46931 [sender.py:_start_run_threads():1121] run started: ix30lhxu with start time 1693591307.184306
2023-09-01 21:02:23,947 DEBUG   SenderThread:46931 [sender.py:send_request():406] send_request: summary_record
2023-09-01 21:02:23,947 DEBUG   HandlerThread:46931 [handler.py:handle_request():144] handle_request: status_report
2023-09-01 21:02:23,947 INFO    SenderThread:46931 [sender.py:_save_file():1375] saving file wandb-summary.json with policy end
2023-09-01 21:02:23,955 DEBUG   HandlerThread:46931 [handler.py:handle_request():144] handle_request: check_version
2023-09-01 21:02:23,955 DEBUG   SenderThread:46931 [sender.py:send_request():406] send_request: check_version
2023-09-01 21:02:24,314 DEBUG   HandlerThread:46931 [handler.py:handle_request():144] handle_request: run_start
2023-09-01 21:02:24,322 DEBUG   HandlerThread:46931 [system_info.py:__init__():31] System info init
2023-09-01 21:02:24,322 DEBUG   HandlerThread:46931 [system_info.py:__init__():46] System info init done
2023-09-01 21:02:24,322 INFO    HandlerThread:46931 [system_monitor.py:start():181] Starting system monitor
2023-09-01 21:02:24,322 INFO    SystemMonitor:46931 [system_monitor.py:_start():145] Starting system asset monitoring threads
2023-09-01 21:02:24,322 INFO    HandlerThread:46931 [system_monitor.py:probe():201] Collecting system info
2023-09-01 21:02:24,322 INFO    SystemMonitor:46931 [interfaces.py:start():190] Started cpu monitoring
2023-09-01 21:02:24,323 DEBUG   HandlerThread:46931 [system_info.py:probe():195] Probing system
2023-09-01 21:02:24,323 INFO    SystemMonitor:46931 [interfaces.py:start():190] Started disk monitoring
2023-09-01 21:02:24,324 INFO    SystemMonitor:46931 [interfaces.py:start():190] Started gpuapple monitoring
2023-09-01 21:02:24,326 INFO    SystemMonitor:46931 [interfaces.py:start():190] Started memory monitoring
2023-09-01 21:02:24,326 INFO    SystemMonitor:46931 [interfaces.py:start():190] Started network monitoring
2023-09-01 21:02:24,330 DEBUG   HandlerThread:46931 [system_info.py:_probe_git():180] Probing git
2023-09-01 21:02:24,343 DEBUG   HandlerThread:46931 [system_info.py:_probe_git():188] Probing git done
2023-09-01 21:02:24,343 DEBUG   HandlerThread:46931 [system_info.py:probe():240] Probing system done
2023-09-01 21:02:24,343 DEBUG   HandlerThread:46931 [system_monitor.py:probe():210] {'os': 'macOS-13.4.1-arm64-arm-64bit', 'python': '3.11.2', 'heartbeatAt': '2023-09-01T18:02:24.323144', 'startedAt': '2023-09-01T18:01:47.165888', 'docker': None, 'cuda': None, 'args': (), 'state': 'running', 'program': '<python with no main file>', 'git': {'remote': 'https://github.com/ftmoztl/CTR-prediction.git', 'commit': 'cf46e57be92491b67deb7c893cee94f6091973c6'}, 'email': 'fatmaozteel@gmail.com', 'root': '/Users/fatmaoztel/Desktop/Fatima Projects/CTR-prediction/CTR-prediction', 'host': 'Fatma-MacBook-Air.local', 'username': 'fatmaoztel', 'executable': '/opt/homebrew/opt/python@3.11/bin/python3.11', 'cpu_count': 8, 'cpu_count_logical': 8, 'disk': {'total': 460.4317207336426, 'used': 11.014774322509766}, 'gpuapple': {'type': 'arm', 'vendor': 'Apple'}, 'memory': {'total': 16.0}}
2023-09-01 21:02:24,343 INFO    HandlerThread:46931 [system_monitor.py:probe():211] Finished collecting system info
2023-09-01 21:02:24,343 INFO    HandlerThread:46931 [system_monitor.py:probe():214] Publishing system info
2023-09-01 21:02:24,343 DEBUG   HandlerThread:46931 [system_info.py:_save_pip():51] Saving list of pip packages installed into the current environment
2023-09-01 21:02:24,343 DEBUG   HandlerThread:46931 [system_info.py:_save_pip():67] Saving pip packages done
2023-09-01 21:02:24,343 INFO    HandlerThread:46931 [system_monitor.py:probe():216] Finished publishing system info
2023-09-01 21:02:24,350 DEBUG   SenderThread:46931 [sender.py:send():379] send: files
2023-09-01 21:02:24,350 INFO    SenderThread:46931 [sender.py:_save_file():1375] saving file wandb-metadata.json with policy now
2023-09-01 21:02:24,357 DEBUG   HandlerThread:46931 [handler.py:handle_request():144] handle_request: stop_status
2023-09-01 21:02:24,357 DEBUG   SenderThread:46931 [sender.py:send_request():406] send_request: stop_status
2023-09-01 21:02:24,950 INFO    Thread-12 :46931 [dir_watcher.py:_on_file_created():271] file/dir created: /Users/fatmaoztel/Desktop/Fatima Projects/CTR-prediction/CTR-prediction/wandb/run-20230901_210147-ix30lhxu/files/wandb-summary.json
2023-09-01 21:02:24,951 INFO    Thread-12 :46931 [dir_watcher.py:_on_file_created():271] file/dir created: /Users/fatmaoztel/Desktop/Fatima Projects/CTR-prediction/CTR-prediction/wandb/run-20230901_210147-ix30lhxu/files/wandb-metadata.json
2023-09-01 21:02:24,951 INFO    Thread-12 :46931 [dir_watcher.py:_on_file_created():271] file/dir created: /Users/fatmaoztel/Desktop/Fatima Projects/CTR-prediction/CTR-prediction/wandb/run-20230901_210147-ix30lhxu/files/requirements.txt
2023-09-01 21:02:25,323 DEBUG   HandlerThread:46931 [handler.py:handle_request():144] handle_request: partial_history
2023-09-01 21:02:25,328 DEBUG   HandlerThread:46931 [handler.py:handle_request():144] handle_request: partial_history
2023-09-01 21:02:26,335 DEBUG   HandlerThread:46931 [handler.py:handle_request():144] handle_request: poll_exit
2023-09-01 21:02:26,350 DEBUG   SenderThread:46931 [sender.py:send():379] send: telemetry
2023-09-01 21:02:26,350 DEBUG   SenderThread:46931 [sender.py:send():379] send: history
2023-09-01 21:02:26,351 DEBUG   SenderThread:46931 [sender.py:send_request():406] send_request: summary_record
2023-09-01 21:02:26,351 INFO    SenderThread:46931 [sender.py:_save_file():1375] saving file wandb-summary.json with policy end
2023-09-01 21:02:26,352 DEBUG   SenderThread:46931 [sender.py:send():379] send: history
2023-09-01 21:02:26,352 DEBUG   SenderThread:46931 [sender.py:send_request():406] send_request: summary_record
2023-09-01 21:02:26,352 INFO    SenderThread:46931 [sender.py:_save_file():1375] saving file wandb-summary.json with policy end
2023-09-01 21:02:26,353 DEBUG   SenderThread:46931 [sender.py:send():379] send: telemetry
2023-09-01 21:02:26,353 DEBUG   SenderThread:46931 [sender.py:send():379] send: exit
2023-09-01 21:02:26,353 INFO    SenderThread:46931 [sender.py:send_exit():584] handling exit code: 0
2023-09-01 21:02:26,353 INFO    SenderThread:46931 [sender.py:send_exit():586] handling runtime: 1
2023-09-01 21:02:26,354 INFO    SenderThread:46931 [sender.py:_save_file():1375] saving file wandb-summary.json with policy end
2023-09-01 21:02:26,354 INFO    SenderThread:46931 [sender.py:send_exit():592] send defer
2023-09-01 21:02:26,354 DEBUG   SenderThread:46931 [sender.py:send_request():406] send_request: poll_exit
2023-09-01 21:02:26,354 DEBUG   HandlerThread:46931 [handler.py:handle_request():144] handle_request: defer
2023-09-01 21:02:26,355 INFO    HandlerThread:46931 [handler.py:handle_request_defer():170] handle defer: 0
2023-09-01 21:02:26,355 DEBUG   SenderThread:46931 [sender.py:send_request():406] send_request: defer
2023-09-01 21:02:26,355 INFO    SenderThread:46931 [sender.py:send_request_defer():608] handle sender defer: 0
2023-09-01 21:02:26,355 INFO    SenderThread:46931 [sender.py:transition_state():612] send defer: 1
2023-09-01 21:02:26,355 DEBUG   HandlerThread:46931 [handler.py:handle_request():144] handle_request: defer
2023-09-01 21:02:26,355 INFO    HandlerThread:46931 [handler.py:handle_request_defer():170] handle defer: 1
2023-09-01 21:02:26,356 DEBUG   SenderThread:46931 [sender.py:send_request():406] send_request: defer
2023-09-01 21:02:26,356 INFO    SenderThread:46931 [sender.py:send_request_defer():608] handle sender defer: 1
2023-09-01 21:02:26,356 INFO    SenderThread:46931 [sender.py:transition_state():612] send defer: 2
2023-09-01 21:02:26,356 DEBUG   HandlerThread:46931 [handler.py:handle_request():144] handle_request: defer
2023-09-01 21:02:26,356 INFO    HandlerThread:46931 [handler.py:handle_request_defer():170] handle defer: 2
2023-09-01 21:02:26,356 INFO    HandlerThread:46931 [system_monitor.py:finish():190] Stopping system monitor
2023-09-01 21:02:26,356 DEBUG   SystemMonitor:46931 [system_monitor.py:_start():159] Starting system metrics aggregation loop
2023-09-01 21:02:26,357 DEBUG   SystemMonitor:46931 [system_monitor.py:_start():166] Finished system metrics aggregation loop
2023-09-01 21:02:26,357 INFO    HandlerThread:46931 [interfaces.py:finish():202] Joined cpu monitor
2023-09-01 21:02:26,357 DEBUG   SystemMonitor:46931 [system_monitor.py:_start():170] Publishing last batch of metrics
2023-09-01 21:02:26,357 INFO    HandlerThread:46931 [interfaces.py:finish():202] Joined disk monitor
2023-09-01 21:02:26,358 INFO    HandlerThread:46931 [interfaces.py:finish():202] Joined gpuapple monitor
2023-09-01 21:02:26,358 INFO    HandlerThread:46931 [interfaces.py:finish():202] Joined memory monitor
2023-09-01 21:02:26,358 INFO    HandlerThread:46931 [interfaces.py:finish():202] Joined network monitor
2023-09-01 21:02:26,359 DEBUG   SenderThread:46931 [sender.py:send_request():406] send_request: defer
2023-09-01 21:02:26,359 INFO    SenderThread:46931 [sender.py:send_request_defer():608] handle sender defer: 2
2023-09-01 21:02:26,359 INFO    SenderThread:46931 [sender.py:transition_state():612] send defer: 3
2023-09-01 21:02:26,359 DEBUG   SenderThread:46931 [sender.py:send():379] send: telemetry
2023-09-01 21:02:26,359 DEBUG   HandlerThread:46931 [handler.py:handle_request():144] handle_request: defer
2023-09-01 21:02:26,359 DEBUG   SenderThread:46931 [sender.py:send():379] send: stats
2023-09-01 21:02:26,359 INFO    HandlerThread:46931 [handler.py:handle_request_defer():170] handle defer: 3
2023-09-01 21:02:26,360 DEBUG   SenderThread:46931 [sender.py:send_request():406] send_request: defer
2023-09-01 21:02:26,360 INFO    SenderThread:46931 [sender.py:send_request_defer():608] handle sender defer: 3
2023-09-01 21:02:26,360 INFO    SenderThread:46931 [sender.py:transition_state():612] send defer: 4
2023-09-01 21:02:26,360 DEBUG   HandlerThread:46931 [handler.py:handle_request():144] handle_request: defer
2023-09-01 21:02:26,360 INFO    HandlerThread:46931 [handler.py:handle_request_defer():170] handle defer: 4
2023-09-01 21:02:26,360 DEBUG   SenderThread:46931 [sender.py:send_request():406] send_request: defer
2023-09-01 21:02:26,361 INFO    SenderThread:46931 [sender.py:send_request_defer():608] handle sender defer: 4
2023-09-01 21:02:26,361 INFO    SenderThread:46931 [sender.py:transition_state():612] send defer: 5
2023-09-01 21:02:26,361 DEBUG   HandlerThread:46931 [handler.py:handle_request():144] handle_request: defer
2023-09-01 21:02:26,361 INFO    HandlerThread:46931 [handler.py:handle_request_defer():170] handle defer: 5
2023-09-01 21:02:26,361 DEBUG   SenderThread:46931 [sender.py:send():379] send: summary
2023-09-01 21:02:26,362 INFO    SenderThread:46931 [sender.py:_save_file():1375] saving file wandb-summary.json with policy end
2023-09-01 21:02:26,362 DEBUG   SenderThread:46931 [sender.py:send_request():406] send_request: defer
2023-09-01 21:02:26,362 INFO    SenderThread:46931 [sender.py:send_request_defer():608] handle sender defer: 5
2023-09-01 21:02:26,362 INFO    SenderThread:46931 [sender.py:transition_state():612] send defer: 6
2023-09-01 21:02:26,362 DEBUG   HandlerThread:46931 [handler.py:handle_request():144] handle_request: defer
2023-09-01 21:02:26,362 INFO    HandlerThread:46931 [handler.py:handle_request_defer():170] handle defer: 6
2023-09-01 21:02:26,363 DEBUG   SenderThread:46931 [sender.py:send_request():406] send_request: defer
2023-09-01 21:02:26,363 INFO    SenderThread:46931 [sender.py:send_request_defer():608] handle sender defer: 6
2023-09-01 21:02:26,368 DEBUG   HandlerThread:46931 [handler.py:handle_request():144] handle_request: status_report
2023-09-01 21:02:26,960 INFO    Thread-12 :46931 [dir_watcher.py:_on_file_modified():288] file/dir modified: /Users/fatmaoztel/Desktop/Fatima Projects/CTR-prediction/CTR-prediction/wandb/run-20230901_210147-ix30lhxu/files/wandb-summary.json
2023-09-01 21:02:27,339 DEBUG   HandlerThread:46931 [handler.py:handle_request():144] handle_request: poll_exit
2023-09-01 21:02:32,359 DEBUG   HandlerThread:46931 [handler.py:handle_request():144] handle_request: keepalive
2023-09-01 21:02:37,377 DEBUG   HandlerThread:46931 [handler.py:handle_request():144] handle_request: keepalive
2023-09-01 21:02:42,391 DEBUG   HandlerThread:46931 [handler.py:handle_request():144] handle_request: keepalive
2023-09-01 21:02:47,039 INFO    wandb-upload_0:46931 [upload_job.py:push():131] Uploaded file /var/folders/j9/scnjt0d57q3_lzqgdfj4j43r0000gn/T/tmpbldhilmxwandb/5lqrg3ej-wandb-metadata.json
2023-09-01 21:02:47,409 DEBUG   HandlerThread:46931 [handler.py:handle_request():144] handle_request: keepalive
2023-09-01 21:02:52,423 DEBUG   HandlerThread:46931 [handler.py:handle_request():144] handle_request: keepalive
2023-09-01 21:02:57,441 DEBUG   HandlerThread:46931 [handler.py:handle_request():144] handle_request: keepalive
2023-09-01 21:03:00,141 INFO    SenderThread:46931 [retry.py:__call__():172] Retry attempt failed:
Traceback (most recent call last):
  File "/opt/homebrew/lib/python3.11/site-packages/urllib3/connectionpool.py", line 449, in _make_request
    six.raise_from(e, None)
  File "<string>", line 3, in raise_from
  File "/opt/homebrew/lib/python3.11/site-packages/urllib3/connectionpool.py", line 444, in _make_request
    httplib_response = conn.getresponse()
                       ^^^^^^^^^^^^^^^^^^
  File "/opt/homebrew/Cellar/python@3.11/3.11.2_1/Frameworks/Python.framework/Versions/3.11/lib/python3.11/http/client.py", line 1374, in getresponse
    response.begin()
  File "/opt/homebrew/Cellar/python@3.11/3.11.2_1/Frameworks/Python.framework/Versions/3.11/lib/python3.11/http/client.py", line 318, in begin
    version, status, reason = self._read_status()
                              ^^^^^^^^^^^^^^^^^^^
  File "/opt/homebrew/Cellar/python@3.11/3.11.2_1/Frameworks/Python.framework/Versions/3.11/lib/python3.11/http/client.py", line 279, in _read_status
    line = str(self.fp.readline(_MAXLINE + 1), "iso-8859-1")
               ^^^^^^^^^^^^^^^^^^^^^^^^^^^^^^
  File "/opt/homebrew/Cellar/python@3.11/3.11.2_1/Frameworks/Python.framework/Versions/3.11/lib/python3.11/socket.py", line 706, in readinto
    return self._sock.recv_into(b)
           ^^^^^^^^^^^^^^^^^^^^^^^
  File "/opt/homebrew/Cellar/python@3.11/3.11.2_1/Frameworks/Python.framework/Versions/3.11/lib/python3.11/ssl.py", line 1278, in recv_into
    return self.read(nbytes, buffer)
           ^^^^^^^^^^^^^^^^^^^^^^^^^
  File "/opt/homebrew/Cellar/python@3.11/3.11.2_1/Frameworks/Python.framework/Versions/3.11/lib/python3.11/ssl.py", line 1134, in read
    return self._sslobj.read(len, buffer)
           ^^^^^^^^^^^^^^^^^^^^^^^^^^^^^^
TimeoutError: The read operation timed out

During handling of the above exception, another exception occurred:

Traceback (most recent call last):
  File "/opt/homebrew/lib/python3.11/site-packages/requests/adapters.py", line 489, in send
    resp = conn.urlopen(
           ^^^^^^^^^^^^^
  File "/opt/homebrew/lib/python3.11/site-packages/urllib3/connectionpool.py", line 787, in urlopen
    retries = retries.increment(
              ^^^^^^^^^^^^^^^^^^
  File "/opt/homebrew/lib/python3.11/site-packages/urllib3/util/retry.py", line 550, in increment
    raise six.reraise(type(error), error, _stacktrace)
          ^^^^^^^^^^^^^^^^^^^^^^^^^^^^^^^^^^^^^^^^^^^^
  File "/opt/homebrew/lib/python3.11/site-packages/urllib3/packages/six.py", line 770, in reraise
    raise value
  File "/opt/homebrew/lib/python3.11/site-packages/urllib3/connectionpool.py", line 703, in urlopen
    httplib_response = self._make_request(
                       ^^^^^^^^^^^^^^^^^^^
  File "/opt/homebrew/lib/python3.11/site-packages/urllib3/connectionpool.py", line 451, in _make_request
    self._raise_timeout(err=e, url=url, timeout_value=read_timeout)
  File "/opt/homebrew/lib/python3.11/site-packages/urllib3/connectionpool.py", line 340, in _raise_timeout
    raise ReadTimeoutError(
urllib3.exceptions.ReadTimeoutError: HTTPSConnectionPool(host='api.wandb.ai', port=443): Read timed out. (read timeout=10)

During handling of the above exception, another exception occurred:

Traceback (most recent call last):
  File "/opt/homebrew/lib/python3.11/site-packages/wandb/sdk/lib/retry.py", line 131, in __call__
    result = self._call_fn(*args, **kwargs)
             ^^^^^^^^^^^^^^^^^^^^^^^^^^^^^^
  File "/opt/homebrew/lib/python3.11/site-packages/wandb/sdk/internal/internal_api.py", line 323, in execute
    return self.client.execute(*args, **kwargs)  # type: ignore
           ^^^^^^^^^^^^^^^^^^^^^^^^^^^^^^^^^^^^
  File "/opt/homebrew/lib/python3.11/site-packages/wandb/vendor/gql-0.2.0/wandb_gql/client.py", line 52, in execute
    result = self._get_result(document, *args, **kwargs)
             ^^^^^^^^^^^^^^^^^^^^^^^^^^^^^^^^^^^^^^^^^^^
  File "/opt/homebrew/lib/python3.11/site-packages/wandb/vendor/gql-0.2.0/wandb_gql/client.py", line 60, in _get_result
    return self.transport.execute(document, *args, **kwargs)
           ^^^^^^^^^^^^^^^^^^^^^^^^^^^^^^^^^^^^^^^^^^^^^^^^^
  File "/opt/homebrew/lib/python3.11/site-packages/wandb/sdk/lib/gql_request.py", line 55, in execute
    request = self.session.post(self.url, **post_args)
              ^^^^^^^^^^^^^^^^^^^^^^^^^^^^^^^^^^^^^^^^
  File "/opt/homebrew/lib/python3.11/site-packages/requests/sessions.py", line 635, in post
    return self.request("POST", url, data=data, json=json, **kwargs)
           ^^^^^^^^^^^^^^^^^^^^^^^^^^^^^^^^^^^^^^^^^^^^^^^^^^^^^^^^^
  File "/opt/homebrew/lib/python3.11/site-packages/requests/sessions.py", line 587, in request
    resp = self.send(prep, **send_kwargs)
           ^^^^^^^^^^^^^^^^^^^^^^^^^^^^^^
  File "/opt/homebrew/lib/python3.11/site-packages/requests/sessions.py", line 701, in send
    r = adapter.send(request, **kwargs)
        ^^^^^^^^^^^^^^^^^^^^^^^^^^^^^^^
  File "/opt/homebrew/lib/python3.11/site-packages/requests/adapters.py", line 578, in send
    raise ReadTimeout(e, request=request)
requests.exceptions.ReadTimeout: HTTPSConnectionPool(host='api.wandb.ai', port=443): Read timed out. (read timeout=10)
2023-09-01 21:03:02,454 DEBUG   HandlerThread:46931 [handler.py:handle_request():144] handle_request: keepalive
2023-09-01 21:03:06,901 INFO    SenderThread:46931 [sender.py:transition_state():612] send defer: 7
2023-09-01 21:03:06,901 DEBUG   SenderThread:46931 [sender.py:send_request():406] send_request: poll_exit
2023-09-01 21:03:06,902 DEBUG   HandlerThread:46931 [handler.py:handle_request():144] handle_request: defer
2023-09-01 21:03:06,902 INFO    HandlerThread:46931 [handler.py:handle_request_defer():170] handle defer: 7
2023-09-01 21:03:06,903 DEBUG   HandlerThread:46931 [handler.py:handle_request():144] handle_request: status_report
2023-09-01 21:03:06,903 DEBUG   SenderThread:46931 [sender.py:send_request():406] send_request: defer
2023-09-01 21:03:06,903 INFO    SenderThread:46931 [sender.py:send_request_defer():608] handle sender defer: 7
2023-09-01 21:03:06,903 INFO    SenderThread:46931 [sender.py:transition_state():612] send defer: 8
2023-09-01 21:03:06,904 DEBUG   HandlerThread:46931 [handler.py:handle_request():144] handle_request: defer
2023-09-01 21:03:06,904 INFO    HandlerThread:46931 [handler.py:handle_request_defer():170] handle defer: 8
2023-09-01 21:03:06,904 DEBUG   SenderThread:46931 [sender.py:send_request():406] send_request: defer
2023-09-01 21:03:06,904 INFO    SenderThread:46931 [sender.py:send_request_defer():608] handle sender defer: 8
2023-09-01 21:03:06,904 INFO    SenderThread:46931 [job_builder.py:build():281] Attempting to build job artifact
2023-09-01 21:03:06,905 INFO    SenderThread:46931 [job_builder.py:build():297] run is notebook based run
2023-09-01 21:03:06,906 INFO    SenderThread:46931 [job_builder.py:_get_source_type():400] is repo sourced job
2023-09-01 21:03:06,907 INFO    SenderThread:46931 [sender.py:transition_state():612] send defer: 9
2023-09-01 21:03:06,907 DEBUG   HandlerThread:46931 [handler.py:handle_request():144] handle_request: defer
2023-09-01 21:03:06,907 INFO    HandlerThread:46931 [handler.py:handle_request_defer():170] handle defer: 9
2023-09-01 21:03:06,908 DEBUG   SenderThread:46931 [sender.py:send_request():406] send_request: defer
2023-09-01 21:03:06,908 INFO    SenderThread:46931 [sender.py:send_request_defer():608] handle sender defer: 9
2023-09-01 21:03:06,908 INFO    SenderThread:46931 [dir_watcher.py:finish():358] shutting down directory watcher
2023-09-01 21:03:07,111 INFO    SenderThread:46931 [dir_watcher.py:_on_file_modified():288] file/dir modified: /Users/fatmaoztel/Desktop/Fatima Projects/CTR-prediction/CTR-prediction/wandb/run-20230901_210147-ix30lhxu/files/config.yaml
2023-09-01 21:03:07,111 INFO    SenderThread:46931 [dir_watcher.py:finish():388] scan: /Users/fatmaoztel/Desktop/Fatima Projects/CTR-prediction/CTR-prediction/wandb/run-20230901_210147-ix30lhxu/files
2023-09-01 21:03:07,111 INFO    SenderThread:46931 [dir_watcher.py:finish():402] scan save: /Users/fatmaoztel/Desktop/Fatima Projects/CTR-prediction/CTR-prediction/wandb/run-20230901_210147-ix30lhxu/files/requirements.txt requirements.txt
2023-09-01 21:03:07,112 INFO    SenderThread:46931 [dir_watcher.py:finish():402] scan save: /Users/fatmaoztel/Desktop/Fatima Projects/CTR-prediction/CTR-prediction/wandb/run-20230901_210147-ix30lhxu/files/config.yaml config.yaml
2023-09-01 21:03:07,115 INFO    SenderThread:46931 [dir_watcher.py:finish():402] scan save: /Users/fatmaoztel/Desktop/Fatima Projects/CTR-prediction/CTR-prediction/wandb/run-20230901_210147-ix30lhxu/files/wandb-summary.json wandb-summary.json
2023-09-01 21:03:07,115 INFO    SenderThread:46931 [dir_watcher.py:finish():402] scan save: /Users/fatmaoztel/Desktop/Fatima Projects/CTR-prediction/CTR-prediction/wandb/run-20230901_210147-ix30lhxu/files/wandb-metadata.json wandb-metadata.json
2023-09-01 21:03:07,116 INFO    SenderThread:46931 [sender.py:transition_state():612] send defer: 10
2023-09-01 21:03:07,124 DEBUG   HandlerThread:46931 [handler.py:handle_request():144] handle_request: defer
2023-09-01 21:03:07,127 INFO    HandlerThread:46931 [handler.py:handle_request_defer():170] handle defer: 10
2023-09-01 21:03:07,129 DEBUG   SenderThread:46931 [sender.py:send_request():406] send_request: defer
2023-09-01 21:03:07,129 INFO    SenderThread:46931 [sender.py:send_request_defer():608] handle sender defer: 10
2023-09-01 21:03:07,129 INFO    SenderThread:46931 [file_pusher.py:finish():159] shutting down file pusher
2023-09-01 21:03:07,476 DEBUG   HandlerThread:46931 [handler.py:handle_request():144] handle_request: keepalive
2023-09-01 21:03:08,094 INFO    wandb-upload_0:46931 [upload_job.py:push():131] Uploaded file /Users/fatmaoztel/Desktop/Fatima Projects/CTR-prediction/CTR-prediction/wandb/run-20230901_210147-ix30lhxu/files/requirements.txt
2023-09-01 21:03:08,254 INFO    wandb-upload_1:46931 [upload_job.py:push():131] Uploaded file /Users/fatmaoztel/Desktop/Fatima Projects/CTR-prediction/CTR-prediction/wandb/run-20230901_210147-ix30lhxu/files/config.yaml
2023-09-01 21:03:08,359 INFO    wandb-upload_2:46931 [upload_job.py:push():131] Uploaded file /Users/fatmaoztel/Desktop/Fatima Projects/CTR-prediction/CTR-prediction/wandb/run-20230901_210147-ix30lhxu/files/wandb-summary.json
2023-09-01 21:03:08,565 INFO    Thread-11 (_thread_body):46931 [sender.py:transition_state():612] send defer: 11
2023-09-01 21:03:08,565 DEBUG   HandlerThread:46931 [handler.py:handle_request():144] handle_request: defer
2023-09-01 21:03:08,566 INFO    HandlerThread:46931 [handler.py:handle_request_defer():170] handle defer: 11
2023-09-01 21:03:08,566 DEBUG   SenderThread:46931 [sender.py:send_request():406] send_request: defer
2023-09-01 21:03:08,566 INFO    SenderThread:46931 [sender.py:send_request_defer():608] handle sender defer: 11
2023-09-01 21:03:08,566 INFO    SenderThread:46931 [file_pusher.py:join():164] waiting for file pusher
2023-09-01 21:03:08,566 INFO    SenderThread:46931 [sender.py:transition_state():612] send defer: 12
2023-09-01 21:03:08,567 DEBUG   HandlerThread:46931 [handler.py:handle_request():144] handle_request: defer
2023-09-01 21:03:08,567 INFO    HandlerThread:46931 [handler.py:handle_request_defer():170] handle defer: 12
2023-09-01 21:03:08,567 DEBUG   SenderThread:46931 [sender.py:send_request():406] send_request: defer
2023-09-01 21:03:08,567 INFO    SenderThread:46931 [sender.py:send_request_defer():608] handle sender defer: 12
2023-09-01 21:03:08,567 INFO    SenderThread:46931 [file_stream.py:finish():593] file stream finish called
2023-09-01 21:03:09,602 INFO    SenderThread:46931 [file_stream.py:finish():597] file stream finish is done
2023-09-01 21:03:09,603 INFO    SenderThread:46931 [sender.py:transition_state():612] send defer: 13
2023-09-01 21:03:09,603 DEBUG   HandlerThread:46931 [handler.py:handle_request():144] handle_request: defer
2023-09-01 21:03:09,603 INFO    HandlerThread:46931 [handler.py:handle_request_defer():170] handle defer: 13
2023-09-01 21:03:09,603 DEBUG   SenderThread:46931 [sender.py:send_request():406] send_request: defer
2023-09-01 21:03:09,603 INFO    SenderThread:46931 [sender.py:send_request_defer():608] handle sender defer: 13
2023-09-01 21:03:09,604 INFO    SenderThread:46931 [sender.py:transition_state():612] send defer: 14
2023-09-01 21:03:09,604 DEBUG   HandlerThread:46931 [handler.py:handle_request():144] handle_request: defer
2023-09-01 21:03:09,604 DEBUG   SenderThread:46931 [sender.py:send():379] send: final
2023-09-01 21:03:09,604 INFO    HandlerThread:46931 [handler.py:handle_request_defer():170] handle defer: 14
2023-09-01 21:03:09,604 DEBUG   SenderThread:46931 [sender.py:send():379] send: footer
2023-09-01 21:03:09,604 DEBUG   SenderThread:46931 [sender.py:send_request():406] send_request: defer
2023-09-01 21:03:09,604 INFO    SenderThread:46931 [sender.py:send_request_defer():608] handle sender defer: 14
2023-09-01 21:03:09,606 DEBUG   HandlerThread:46931 [handler.py:handle_request():144] handle_request: poll_exit
2023-09-01 21:03:09,606 DEBUG   HandlerThread:46931 [handler.py:handle_request():144] handle_request: server_info
2023-09-01 21:03:09,606 DEBUG   HandlerThread:46931 [handler.py:handle_request():144] handle_request: get_summary
2023-09-01 21:03:09,606 DEBUG   HandlerThread:46931 [handler.py:handle_request():144] handle_request: sampled_history
2023-09-01 21:03:09,607 DEBUG   SenderThread:46931 [sender.py:send_request():406] send_request: poll_exit
2023-09-01 21:03:09,607 DEBUG   HandlerThread:46931 [handler.py:handle_request():144] handle_request: job_info
2023-09-01 21:03:09,608 DEBUG   SenderThread:46931 [sender.py:send_request():406] send_request: server_info
2023-09-01 21:03:10,117 DEBUG   SenderThread:46931 [sender.py:send_request():406] send_request: job_info
2023-09-01 21:03:10,118 DEBUG   HandlerThread:46931 [handler.py:handle_request():144] handle_request: shutdown
2023-09-01 21:03:10,119 INFO    HandlerThread:46931 [handler.py:finish():861] shutting down handler
2023-09-01 21:03:10,613 INFO    WriterThread:46931 [datastore.py:close():294] close: /Users/fatmaoztel/Desktop/Fatima Projects/CTR-prediction/CTR-prediction/wandb/run-20230901_210147-ix30lhxu/run-ix30lhxu.wandb
2023-09-01 21:03:11,120 INFO    SenderThread:46931 [sender.py:finish():1552] shutting down sender
2023-09-01 21:03:11,120 INFO    SenderThread:46931 [file_pusher.py:finish():159] shutting down file pusher
2023-09-01 21:03:11,120 INFO    SenderThread:46931 [file_pusher.py:join():164] waiting for file pusher
